Determining if the pthread_create exist failed with the following output:
Change Dir: /home/michele/manipulation_ws/src/manipulation_examples/manipulation_example_cell/manipulation_fake_tool/CMakeFiles/CMakeTmp

Run Build Command:"/usr/bin/make" "cmTC_3eaf6/fast"
/usr/bin/make -f CMakeFiles/cmTC_3eaf6.dir/build.make CMakeFiles/cmTC_3eaf6.dir/build
make[1]: ingresso nella directory "/home/michele/manipulation_ws/src/manipulation_examples/manipulation_example_cell/manipulation_fake_tool/CMakeFiles/CMakeTmp"
Building C object CMakeFiles/cmTC_3eaf6.dir/CheckSymbolExists.c.o
/usr/bin/gcc    -o CMakeFiles/cmTC_3eaf6.dir/CheckSymbolExists.c.o   -c /home/michele/manipulation_ws/src/manipulation_examples/manipulation_example_cell/manipulation_fake_tool/CMakeFiles/CMakeTmp/CheckSymbolExists.c
Linking C executable cmTC_3eaf6
/usr/bin/cmake -E cmake_link_script CMakeFiles/cmTC_3eaf6.dir/link.txt --verbose=1
/usr/bin/gcc      -rdynamic CMakeFiles/cmTC_3eaf6.dir/CheckSymbolExists.c.o  -o cmTC_3eaf6 
CMakeFiles/cmTC_3eaf6.dir/CheckSymbolExists.c.o: nella funzione "main":
CheckSymbolExists.c:(.text+0x1b): riferimento non definito a "pthread_create"
collect2: error: ld returned 1 exit status
CMakeFiles/cmTC_3eaf6.dir/build.make:97: recipe for target 'cmTC_3eaf6' failed
make[1]: *** [cmTC_3eaf6] Error 1
make[1]: uscita dalla directory "/home/michele/manipulation_ws/src/manipulation_examples/manipulation_example_cell/manipulation_fake_tool/CMakeFiles/CMakeTmp"
Makefile:126: recipe for target 'cmTC_3eaf6/fast' failed
make: *** [cmTC_3eaf6/fast] Error 2

File /home/michele/manipulation_ws/src/manipulation_examples/manipulation_example_cell/manipulation_fake_tool/CMakeFiles/CMakeTmp/CheckSymbolExists.c:
/* */
#include <pthread.h>

int main(int argc, char** argv)
{
  (void)argv;
#ifndef pthread_create
  return ((int*)(&pthread_create))[argc];
#else
  (void)argc;
  return 0;
#endif
}

Determining if the function pthread_create exists in the pthreads failed with the following output:
Change Dir: /home/michele/manipulation_ws/src/manipulation_examples/manipulation_example_cell/manipulation_fake_tool/CMakeFiles/CMakeTmp

Run Build Command:"/usr/bin/make" "cmTC_5ad22/fast"
/usr/bin/make -f CMakeFiles/cmTC_5ad22.dir/build.make CMakeFiles/cmTC_5ad22.dir/build
make[1]: ingresso nella directory "/home/michele/manipulation_ws/src/manipulation_examples/manipulation_example_cell/manipulation_fake_tool/CMakeFiles/CMakeTmp"
Building C object CMakeFiles/cmTC_5ad22.dir/CheckFunctionExists.c.o
/usr/bin/gcc   -DCHECK_FUNCTION_EXISTS=pthread_create   -o CMakeFiles/cmTC_5ad22.dir/CheckFunctionExists.c.o   -c /usr/share/cmake-3.10/Modules/CheckFunctionExists.c
Linking C executable cmTC_5ad22
/usr/bin/cmake -E cmake_link_script CMakeFiles/cmTC_5ad22.dir/link.txt --verbose=1
/usr/bin/gcc  -DCHECK_FUNCTION_EXISTS=pthread_create    -rdynamic CMakeFiles/cmTC_5ad22.dir/CheckFunctionExists.c.o  -o cmTC_5ad22 -lpthreads 
/usr/bin/ld: impossibile trovare -lpthreads
collect2: error: ld returned 1 exit status
CMakeFiles/cmTC_5ad22.dir/build.make:97: recipe for target 'cmTC_5ad22' failed
make[1]: *** [cmTC_5ad22] Error 1
make[1]: uscita dalla directory "/home/michele/manipulation_ws/src/manipulation_examples/manipulation_example_cell/manipulation_fake_tool/CMakeFiles/CMakeTmp"
Makefile:126: recipe for target 'cmTC_5ad22/fast' failed
make: *** [cmTC_5ad22/fast] Error 2


